0 verbose cli /usr/bin/node /usr/bin/npm
1 info using npm@9.2.0
2 info using node@v18.19.1
3 timing npm:load:whichnode Completed in 0ms
4 timing config:load:defaults Completed in 3ms
5 timing config:load:file:/usr/share/nodejs/npm/npmrc Completed in 4ms
6 timing config:load:builtin Completed in 4ms
7 timing config:load:cli Completed in 2ms
8 timing config:load:env Completed in 1ms
9 timing config:load:file:/home/ubuntu/deployments/pg-app/.npmrc Completed in 1ms
10 timing config:load:project Completed in 4ms
11 timing config:load:file:/home/ubuntu/.npmrc Completed in 0ms
12 timing config:load:user Completed in 0ms
13 timing config:load:file:/etc/npmrc Completed in 0ms
14 timing config:load:global Completed in 0ms
15 timing config:load:setEnvs Completed in 2ms
16 timing config:load Completed in 17ms
17 timing npm:load:configload Completed in 17ms
18 timing npm:load:mkdirpcache Completed in 1ms
19 timing npm:load:mkdirplogs Completed in 0ms
20 verbose title npm install express body-parser
21 verbose argv "install" "express" "body-parser"
22 timing npm:load:setTitle Completed in 2ms
23 timing config:load:flatten Completed in 6ms
24 timing npm:load:display Completed in 8ms
25 verbose logfile logs-max:10 dir:/home/ubuntu/.npm/_logs/2025-06-28T10_08_20_567Z-
26 verbose logfile /home/ubuntu/.npm/_logs/2025-06-28T10_08_20_567Z-debug-0.log
27 timing npm:load:logFile Completed in 12ms
28 timing npm:load:timers Completed in 0ms
29 timing npm:load:configScope Completed in 0ms
30 timing npm:load Completed in 43ms
31 timing config:load:flatten Completed in 0ms
32 timing arborist:ctor Completed in 1ms
33 silly logfile done cleaning log files
34 timing arborist:ctor Completed in 0ms
35 timing idealTree:init Completed in 20ms
36 timing idealTree:userRequests Completed in 8ms
37 silly idealTree buildDeps
38 silly fetch manifest express@*
39 http fetch GET 200 https://registry.npmjs.org/express 190ms (cache miss)
40 silly fetch manifest body-parser@*
41 http fetch GET 200 https://registry.npmjs.org/body-parser 26ms (cache miss)
42 silly placeDep ROOT body-parser@2.2.0 OK for:  want: *
43 silly placeDep ROOT express@5.1.0 OK for:  want: *
44 silly fetch manifest bytes@^3.1.2
45 silly fetch manifest content-type@^1.0.5
46 silly fetch manifest debug@^4.4.0
47 silly fetch manifest http-errors@^2.0.0
48 silly fetch manifest iconv-lite@^0.6.3
49 silly fetch manifest on-finished@^2.4.1
50 silly fetch manifest qs@^6.14.0
51 silly fetch manifest raw-body@^3.0.0
52 silly fetch manifest type-is@^2.0.0
53 silly fetch manifest etag@^1.8.1
54 silly fetch manifest once@^1.4.0
55 silly fetch manifest send@^1.1.0
56 silly fetch manifest vary@^1.1.2
57 silly fetch manifest fresh@^2.0.0
58 silly fetch manifest cookie@^0.7.1
59 silly fetch manifest router@^2.2.0
60 silly fetch manifest accepts@^2.0.0
61 silly fetch manifest type-is@^2.0.1
62 silly fetch manifest parseurl@^1.3.3
63 silly fetch manifest statuses@^2.0.1
64 silly fetch manifest encodeurl@^2.0.0
65 silly fetch manifest mime-types@^3.0.0
66 silly fetch manifest proxy-addr@^2.0.7
67 silly fetch manifest escape-html@^1.0.3
68 silly fetch manifest finalhandler@^2.1.0
69 silly fetch manifest range-parser@^1.2.1
70 silly fetch manifest serve-static@^2.2.0
71 silly fetch manifest cookie-signature@^1.2.1
72 silly fetch manifest merge-descriptors@^2.0.0
73 silly fetch manifest content-disposition@^1.0.0
74 http fetch GET 200 https://registry.npmjs.org/bytes 254ms (cache miss)
75 http fetch GET 200 https://registry.npmjs.org/once 269ms (cache miss)
76 http fetch GET 200 https://registry.npmjs.org/vary 268ms (cache miss)
77 http fetch GET 200 https://registry.npmjs.org/encodeurl 262ms (cache miss)
78 http fetch GET 200 https://registry.npmjs.org/fresh 269ms (cache miss)
79 http fetch GET 200 https://registry.npmjs.org/content-type 286ms (cache miss)
80 http fetch GET 200 https://registry.npmjs.org/on-finished 281ms (cache miss)
81 http fetch GET 200 https://registry.npmjs.org/router 278ms (cache miss)
82 http fetch GET 200 https://registry.npmjs.org/etag 284ms (cache miss)
83 http fetch GET 200 https://registry.npmjs.org/accepts 280ms (cache miss)
84 http fetch GET 200 https://registry.npmjs.org/parseurl 280ms (cache miss)
85 http fetch GET 200 https://registry.npmjs.org/escape-html 275ms (cache miss)
86 http fetch GET 200 https://registry.npmjs.org/statuses 282ms (cache miss)
87 http fetch GET 200 https://registry.npmjs.org/range-parser 276ms (cache miss)
88 http fetch GET 200 https://registry.npmjs.org/merge-descriptors 273ms (cache miss)
89 http fetch GET 200 https://registry.npmjs.org/type-is 294ms (cache miss)
90 http fetch GET 200 https://registry.npmjs.org/content-disposition 271ms (cache miss)
91 http fetch GET 200 https://registry.npmjs.org/cookie 292ms (cache miss)
92 http fetch GET 200 https://registry.npmjs.org/type-is 294ms (cache miss)
93 http fetch GET 200 https://registry.npmjs.org/cookie-signature 284ms (cache miss)
94 http fetch GET 200 https://registry.npmjs.org/http-errors 309ms (cache miss)
95 http fetch GET 200 https://registry.npmjs.org/proxy-addr 293ms (cache miss)
96 http fetch GET 200 https://registry.npmjs.org/finalhandler 291ms (cache miss)
97 http fetch GET 200 https://registry.npmjs.org/raw-body 310ms (cache miss)
98 http fetch GET 200 https://registry.npmjs.org/send 308ms (cache miss)
99 http fetch GET 200 https://registry.npmjs.org/serve-static 296ms (cache miss)
100 http fetch GET 200 https://registry.npmjs.org/mime-types 304ms (cache miss)
101 http fetch GET 200 https://registry.npmjs.org/debug 324ms (cache miss)
102 http fetch GET 200 https://registry.npmjs.org/qs 322ms (cache miss)
103 http fetch GET 200 https://registry.npmjs.org/iconv-lite 398ms (cache miss)
104 timing idealTree:#root Completed in 655ms
105 silly placeDep ROOT bytes@3.1.2 OK for: body-parser@2.2.0 want: ^3.1.2
106 silly placeDep ROOT content-type@1.0.5 OK for: body-parser@2.2.0 want: ^1.0.5
107 silly placeDep ROOT debug@4.4.1 OK for: body-parser@2.2.0 want: ^4.4.0
108 silly placeDep ROOT http-errors@2.0.0 OK for: body-parser@2.2.0 want: ^2.0.0
109 silly placeDep ROOT iconv-lite@0.6.3 OK for: body-parser@2.2.0 want: ^0.6.3
110 silly placeDep ROOT on-finished@2.4.1 OK for: body-parser@2.2.0 want: ^2.4.1
111 silly placeDep ROOT qs@6.14.0 OK for: body-parser@2.2.0 want: ^6.14.0
112 silly placeDep ROOT raw-body@3.0.0 OK for: body-parser@2.2.0 want: ^3.0.0
113 silly placeDep ROOT type-is@2.0.1 OK for: body-parser@2.2.0 want: ^2.0.0
114 silly fetch manifest ms@^2.1.3
115 silly fetch manifest depd@2.0.0
116 silly fetch manifest inherits@2.0.4
117 silly fetch manifest statuses@2.0.1
118 silly fetch manifest toidentifier@1.0.1
119 silly fetch manifest setprototypeof@1.2.0
120 silly fetch manifest safer-buffer@>= 2.1.2 < 3.0.0
121 silly fetch manifest ee-first@1.1.1
122 silly fetch manifest side-channel@^1.1.0
123 silly fetch manifest unpipe@1.0.0
124 silly fetch manifest media-typer@^1.1.0
125 http fetch GET 200 https://registry.npmjs.org/inherits 79ms (cache miss)
126 http fetch GET 200 https://registry.npmjs.org/depd 81ms (cache miss)
127 http fetch GET 200 https://registry.npmjs.org/toidentifier 79ms (cache miss)
128 http fetch GET 200 https://registry.npmjs.org/unpipe 74ms (cache miss)
129 http fetch GET 200 https://registry.npmjs.org/setprototypeof 80ms (cache miss)
130 http fetch GET 200 https://registry.npmjs.org/safer-buffer 79ms (cache miss)
131 http fetch GET 200 https://registry.npmjs.org/media-typer 74ms (cache miss)
132 http fetch GET 200 https://registry.npmjs.org/side-channel 78ms (cache miss)
133 http fetch GET 200 https://registry.npmjs.org/ee-first 79ms (cache miss)
134 http fetch GET 200 https://registry.npmjs.org/ms 88ms (cache miss)
135 timing idealTree:node_modules/body-parser Completed in 117ms
136 timing idealTree:node_modules/bytes Completed in 0ms
137 timing idealTree:node_modules/content-type Completed in 0ms
138 silly placeDep ROOT ms@2.1.3 OK for: debug@4.4.1 want: ^2.1.3
139 timing idealTree:node_modules/debug Completed in 2ms
140 silly placeDep ROOT accepts@2.0.0 OK for: express@5.1.0 want: ^2.0.0
141 silly placeDep ROOT content-disposition@1.0.0 OK for: express@5.1.0 want: ^1.0.0
142 silly placeDep ROOT cookie@0.7.2 OK for: express@5.1.0 want: ^0.7.1
143 silly placeDep ROOT cookie-signature@1.2.2 OK for: express@5.1.0 want: ^1.2.1
144 silly placeDep ROOT encodeurl@2.0.0 OK for: express@5.1.0 want: ^2.0.0
145 silly placeDep ROOT escape-html@1.0.3 OK for: express@5.1.0 want: ^1.0.3
146 silly placeDep ROOT etag@1.8.1 OK for: express@5.1.0 want: ^1.8.1
147 silly placeDep ROOT finalhandler@2.1.0 OK for: express@5.1.0 want: ^2.1.0
148 silly placeDep ROOT fresh@2.0.0 OK for: express@5.1.0 want: ^2.0.0
149 silly placeDep ROOT merge-descriptors@2.0.0 OK for: express@5.1.0 want: ^2.0.0
150 silly placeDep ROOT mime-types@3.0.1 OK for: express@5.1.0 want: ^3.0.0
151 silly placeDep ROOT once@1.4.0 OK for: express@5.1.0 want: ^1.4.0
152 silly placeDep ROOT parseurl@1.3.3 OK for: express@5.1.0 want: ^1.3.3
153 silly placeDep ROOT proxy-addr@2.0.7 OK for: express@5.1.0 want: ^2.0.7
154 silly placeDep ROOT range-parser@1.2.1 OK for: express@5.1.0 want: ^1.2.1
155 silly placeDep ROOT router@2.2.0 OK for: express@5.1.0 want: ^2.2.0
156 silly placeDep ROOT send@1.2.0 OK for: express@5.1.0 want: ^1.1.0
157 silly placeDep ROOT serve-static@2.2.0 OK for: express@5.1.0 want: ^2.2.0
158 silly placeDep ROOT statuses@2.0.2 OK for: express@5.1.0 want: ^2.0.1
159 silly placeDep ROOT vary@1.1.2 OK for: express@5.1.0 want: ^1.1.2
160 silly fetch manifest negotiator@^1.0.0
161 silly fetch manifest safe-buffer@5.2.1
162 silly fetch manifest mime-db@^1.54.0
163 silly fetch manifest wrappy@1
164 silly fetch manifest forwarded@0.2.0
165 silly fetch manifest ipaddr.js@1.9.1
166 silly fetch manifest depd@^2.0.0
167 silly fetch manifest is-promise@^4.0.0
168 silly fetch manifest path-to-regexp@^8.0.0
169 http fetch GET 200 https://registry.npmjs.org/wrappy 80ms (cache miss)
170 http fetch GET 200 https://registry.npmjs.org/is-promise 78ms (cache miss)
171 http fetch GET 200 https://registry.npmjs.org/forwarded 81ms (cache miss)
172 http fetch GET 200 https://registry.npmjs.org/safe-buffer 86ms (cache miss)
173 http fetch GET 200 https://registry.npmjs.org/ipaddr.js 82ms (cache miss)
174 http fetch GET 200 https://registry.npmjs.org/negotiator 89ms (cache miss)
175 http fetch GET 200 https://registry.npmjs.org/mime-db 89ms (cache miss)
176 http fetch GET 200 https://registry.npmjs.org/path-to-regexp 85ms (cache miss)
177 timing idealTree:node_modules/express Completed in 139ms
178 silly placeDep ROOT negotiator@1.0.0 OK for: accepts@2.0.0 want: ^1.0.0
179 timing idealTree:node_modules/accepts Completed in 2ms
180 silly placeDep ROOT safe-buffer@5.2.1 OK for: content-disposition@1.0.0 want: 5.2.1
181 timing idealTree:node_modules/content-disposition Completed in 1ms
182 timing idealTree:node_modules/cookie Completed in 0ms
183 timing idealTree:node_modules/cookie-signature Completed in 0ms
184 timing idealTree:node_modules/encodeurl Completed in 0ms
185 timing idealTree:node_modules/escape-html Completed in 0ms
186 timing idealTree:node_modules/etag Completed in 0ms
187 timing idealTree:node_modules/finalhandler Completed in 0ms
188 timing idealTree:node_modules/fresh Completed in 0ms
189 silly placeDep ROOT depd@2.0.0 OK for: http-errors@2.0.0 want: 2.0.0
190 silly placeDep ROOT inherits@2.0.4 OK for: http-errors@2.0.0 want: 2.0.4
191 silly placeDep ROOT setprototypeof@1.2.0 OK for: http-errors@2.0.0 want: 1.2.0
192 silly placeDep node_modules/http-errors statuses@2.0.1 OK for: http-errors@2.0.0 want: 2.0.1
193 silly placeDep ROOT toidentifier@1.0.1 OK for: http-errors@2.0.0 want: 1.0.1
194 timing idealTree:node_modules/http-errors Completed in 8ms
195 timing idealTree:node_modules/depd Completed in 0ms
196 silly placeDep ROOT safer-buffer@2.1.2 OK for: iconv-lite@0.6.3 want: >= 2.1.2 < 3.0.0
197 timing idealTree:node_modules/iconv-lite Completed in 2ms
198 timing idealTree:node_modules/inherits Completed in 0ms
199 timing idealTree:node_modules/merge-descriptors Completed in 0ms
200 silly placeDep ROOT mime-db@1.54.0 OK for: mime-types@3.0.1 want: ^1.54.0
201 timing idealTree:node_modules/mime-types Completed in 1ms
202 timing idealTree:node_modules/mime-db Completed in 0ms
203 timing idealTree:node_modules/ms Completed in 0ms
204 timing idealTree:node_modules/negotiator Completed in 0ms
205 silly placeDep ROOT ee-first@1.1.1 OK for: on-finished@2.4.1 want: 1.1.1
206 timing idealTree:node_modules/on-finished Completed in 1ms
207 timing idealTree:node_modules/ee-first Completed in 0ms
208 silly placeDep ROOT wrappy@1.0.2 OK for: once@1.4.0 want: 1
209 timing idealTree:node_modules/once Completed in 2ms
210 timing idealTree:node_modules/parseurl Completed in 0ms
211 silly placeDep ROOT forwarded@0.2.0 OK for: proxy-addr@2.0.7 want: 0.2.0
212 silly placeDep ROOT ipaddr.js@1.9.1 OK for: proxy-addr@2.0.7 want: 1.9.1
213 timing idealTree:node_modules/proxy-addr Completed in 3ms
214 timing idealTree:node_modules/forwarded Completed in 0ms
215 timing idealTree:node_modules/ipaddr.js Completed in 0ms
216 silly placeDep ROOT side-channel@1.1.0 OK for: qs@6.14.0 want: ^1.1.0
217 silly fetch manifest es-errors@^1.3.0
218 silly fetch manifest object-inspect@^1.13.3
219 silly fetch manifest side-channel-list@^1.0.0
220 silly fetch manifest side-channel-map@^1.0.1
221 silly fetch manifest side-channel-weakmap@^1.0.2
222 http fetch GET 200 https://registry.npmjs.org/side-channel-list 80ms (cache miss)
223 http fetch GET 200 https://registry.npmjs.org/side-channel-map 89ms (cache miss)
224 http fetch GET 200 https://registry.npmjs.org/side-channel-weakmap 90ms (cache miss)
225 http fetch GET 200 https://registry.npmjs.org/es-errors 97ms (cache miss)
226 http fetch GET 200 https://registry.npmjs.org/object-inspect 97ms (cache miss)
227 timing idealTree:node_modules/qs Completed in 101ms
228 timing idealTree:node_modules/range-parser Completed in 0ms
229 silly placeDep ROOT unpipe@1.0.0 OK for: raw-body@3.0.0 want: 1.0.0
230 timing idealTree:node_modules/raw-body Completed in 2ms
231 silly placeDep ROOT is-promise@4.0.0 OK for: router@2.2.0 want: ^4.0.0
232 silly placeDep ROOT path-to-regexp@8.2.0 OK for: router@2.2.0 want: ^8.0.0
233 timing idealTree:node_modules/router Completed in 3ms
234 timing idealTree:node_modules/is-promise Completed in 0ms
235 timing idealTree:node_modules/path-to-regexp Completed in 0ms
236 timing idealTree:node_modules/safe-buffer Completed in 0ms
237 timing idealTree:node_modules/safer-buffer Completed in 0ms
238 timing idealTree:node_modules/send Completed in 0ms
239 timing idealTree:node_modules/serve-static Completed in 0ms
240 timing idealTree:node_modules/setprototypeof Completed in 0ms
241 silly placeDep ROOT es-errors@1.3.0 OK for: side-channel@1.1.0 want: ^1.3.0
242 silly placeDep ROOT object-inspect@1.13.4 OK for: side-channel@1.1.0 want: ^1.13.3
243 silly placeDep ROOT side-channel-list@1.0.0 OK for: side-channel@1.1.0 want: ^1.0.0
244 silly placeDep ROOT side-channel-map@1.0.1 OK for: side-channel@1.1.0 want: ^1.0.1
245 silly placeDep ROOT side-channel-weakmap@1.0.2 OK for: side-channel@1.1.0 want: ^1.0.2
246 silly fetch manifest call-bound@^1.0.2
247 silly fetch manifest get-intrinsic@^1.2.5
248 http fetch GET 200 https://registry.npmjs.org/call-bound 36ms (cache miss)
249 http fetch GET 200 https://registry.npmjs.org/get-intrinsic 36ms (cache miss)
250 timing idealTree:node_modules/side-channel Completed in 49ms
251 timing idealTree:node_modules/es-errors Completed in 0ms
252 timing idealTree:node_modules/object-inspect Completed in 0ms
253 timing idealTree:node_modules/side-channel-list Completed in 0ms
254 silly placeDep ROOT call-bound@1.0.4 OK for: side-channel-map@1.0.1 want: ^1.0.2
255 silly placeDep ROOT get-intrinsic@1.3.0 OK for: side-channel-map@1.0.1 want: ^1.2.5
256 silly fetch manifest call-bind-apply-helpers@^1.0.2
257 silly fetch manifest es-define-property@^1.0.1
258 silly fetch manifest es-object-atoms@^1.1.1
259 silly fetch manifest function-bind@^1.1.2
260 silly fetch manifest get-proto@^1.0.1
261 silly fetch manifest gopd@^1.2.0
262 silly fetch manifest has-symbols@^1.1.0
263 silly fetch manifest hasown@^2.0.2
264 silly fetch manifest math-intrinsics@^1.1.0
265 http fetch GET 200 https://registry.npmjs.org/get-proto 50ms (cache miss)
266 http fetch GET 200 https://registry.npmjs.org/es-object-atoms 54ms (cache miss)
267 http fetch GET 200 https://registry.npmjs.org/hasown 50ms (cache miss)
268 http fetch GET 200 https://registry.npmjs.org/es-define-property 56ms (cache miss)
269 http fetch GET 200 https://registry.npmjs.org/math-intrinsics 51ms (cache miss)
270 http fetch GET 200 https://registry.npmjs.org/gopd 54ms (cache miss)
271 http fetch GET 200 https://registry.npmjs.org/has-symbols 53ms (cache miss)
272 http fetch GET 200 https://registry.npmjs.org/call-bind-apply-helpers 60ms (cache miss)
273 http fetch GET 200 https://registry.npmjs.org/function-bind 58ms (cache miss)
274 timing idealTree:node_modules/side-channel-map Completed in 71ms
275 silly placeDep ROOT call-bind-apply-helpers@1.0.2 OK for: call-bound@1.0.4 want: ^1.0.2
276 timing idealTree:node_modules/call-bound Completed in 3ms
277 silly placeDep ROOT function-bind@1.1.2 OK for: call-bind-apply-helpers@1.0.2 want: ^1.1.2
278 timing idealTree:node_modules/call-bind-apply-helpers Completed in 2ms
279 timing idealTree:node_modules/function-bind Completed in 0ms
280 silly placeDep ROOT es-define-property@1.0.1 OK for: get-intrinsic@1.3.0 want: ^1.0.1
281 silly placeDep ROOT es-object-atoms@1.1.1 OK for: get-intrinsic@1.3.0 want: ^1.1.1
282 silly placeDep ROOT get-proto@1.0.1 OK for: get-intrinsic@1.3.0 want: ^1.0.1
283 silly placeDep ROOT gopd@1.2.0 OK for: get-intrinsic@1.3.0 want: ^1.2.0
284 silly placeDep ROOT has-symbols@1.1.0 OK for: get-intrinsic@1.3.0 want: ^1.1.0
285 silly placeDep ROOT hasown@2.0.2 OK for: get-intrinsic@1.3.0 want: ^2.0.2
286 silly placeDep ROOT math-intrinsics@1.1.0 OK for: get-intrinsic@1.3.0 want: ^1.1.0
287 silly fetch manifest dunder-proto@^1.0.1
288 http fetch GET 200 https://registry.npmjs.org/dunder-proto 32ms (cache miss)
289 timing idealTree:node_modules/get-intrinsic Completed in 45ms
290 timing idealTree:node_modules/es-define-property Completed in 0ms
291 timing idealTree:node_modules/es-object-atoms Completed in 0ms
292 silly placeDep ROOT dunder-proto@1.0.1 OK for: get-proto@1.0.1 want: ^1.0.1
293 timing idealTree:node_modules/get-proto Completed in 5ms
294 timing idealTree:node_modules/dunder-proto Completed in 0ms
295 timing idealTree:node_modules/gopd Completed in 0ms
296 timing idealTree:node_modules/has-symbols Completed in 0ms
297 timing idealTree:node_modules/hasown Completed in 0ms
298 timing idealTree:node_modules/math-intrinsics Completed in 0ms
299 timing idealTree:node_modules/side-channel-weakmap Completed in 0ms
300 timing idealTree:node_modules/statuses Completed in 0ms
301 timing idealTree:node_modules/toidentifier Completed in 0ms
302 silly placeDep ROOT media-typer@1.1.0 OK for: type-is@2.0.1 want: ^1.1.0
303 timing idealTree:node_modules/type-is Completed in 6ms
304 timing idealTree:node_modules/media-typer Completed in 0ms
305 timing idealTree:node_modules/unpipe Completed in 0ms
306 timing idealTree:node_modules/vary Completed in 0ms
307 timing idealTree:node_modules/wrappy Completed in 0ms
308 timing idealTree:node_modules/http-errors/node_modules/statuses Completed in 0ms
309 timing idealTree:buildDeps Completed in 1228ms
310 timing idealTree:fixDepFlags Completed in 2ms
311 timing idealTree Completed in 1260ms
312 timing reify:loadTrees Completed in 1261ms
313 timing reify:diffTrees Completed in 4ms
314 silly reify moves {}
315 timing reify:retireShallow Completed in 2ms
316 timing reify:createSparse Completed in 13ms
317 timing reify:loadBundles Completed in 0ms
318 silly tarball no local data for express@https://registry.npmjs.org/express/-/express-5.1.0.tgz. Extracting by manifest.
319 silly tarball no local data for media-typer@https://registry.npmjs.org/media-typer/-/media-typer-1.1.0.tgz. Extracting by manifest.
320 silly tarball no local data for dunder-proto@https://registry.npmjs.org/dunder-proto/-/dunder-proto-1.0.1.tgz. Extracting by manifest.
321 silly tarball no local data for math-intrinsics@https://registry.npmjs.org/math-intrinsics/-/math-intrinsics-1.1.0.tgz. Extracting by manifest.
322 silly tarball no local data for has-symbols@https://registry.npmjs.org/has-symbols/-/has-symbols-1.1.0.tgz. Extracting by manifest.
323 silly tarball no local data for gopd@https://registry.npmjs.org/gopd/-/gopd-1.2.0.tgz. Extracting by manifest.
324 silly tarball no local data for hasown@https://registry.npmjs.org/hasown/-/hasown-2.0.2.tgz. Extracting by manifest.
325 silly tarball no local data for get-proto@https://registry.npmjs.org/get-proto/-/get-proto-1.0.1.tgz. Extracting by manifest.
326 silly tarball no local data for es-object-atoms@https://registry.npmjs.org/es-object-atoms/-/es-object-atoms-1.1.1.tgz. Extracting by manifest.
327 silly tarball no local data for es-define-property@https://registry.npmjs.org/es-define-property/-/es-define-property-1.0.1.tgz. Extracting by manifest.
328 silly tarball no local data for call-bind-apply-helpers@https://registry.npmjs.org/call-bind-apply-helpers/-/call-bind-apply-helpers-1.0.2.tgz. Extracting by manifest.
329 silly tarball no local data for function-bind@https://registry.npmjs.org/function-bind/-/function-bind-1.1.2.tgz. Extracting by manifest.
330 silly tarball no local data for get-intrinsic@https://registry.npmjs.org/get-intrinsic/-/get-intrinsic-1.3.0.tgz. Extracting by manifest.
331 silly tarball no local data for call-bound@https://registry.npmjs.org/call-bound/-/call-bound-1.0.4.tgz. Extracting by manifest.
332 silly tarball no local data for side-channel-weakmap@https://registry.npmjs.org/side-channel-weakmap/-/side-channel-weakmap-1.0.2.tgz. Extracting by manifest.
333 silly tarball no local data for side-channel-map@https://registry.npmjs.org/side-channel-map/-/side-channel-map-1.0.1.tgz. Extracting by manifest.
334 silly tarball no local data for side-channel-list@https://registry.npmjs.org/side-channel-list/-/side-channel-list-1.0.0.tgz. Extracting by manifest.
335 silly tarball no local data for object-inspect@https://registry.npmjs.org/object-inspect/-/object-inspect-1.13.4.tgz. Extracting by manifest.
336 silly tarball no local data for es-errors@https://registry.npmjs.org/es-errors/-/es-errors-1.3.0.tgz. Extracting by manifest.
337 silly tarball no local data for path-to-regexp@https://registry.npmjs.org/path-to-regexp/-/path-to-regexp-8.2.0.tgz. Extracting by manifest.
338 silly tarball no local data for is-promise@https://registry.npmjs.org/is-promise/-/is-promise-4.0.0.tgz. Extracting by manifest.
339 silly tarball no local data for unpipe@https://registry.npmjs.org/unpipe/-/unpipe-1.0.0.tgz. Extracting by manifest.
340 silly tarball no local data for side-channel@https://registry.npmjs.org/side-channel/-/side-channel-1.1.0.tgz. Extracting by manifest.
341 silly tarball no local data for ipaddr.js@https://registry.npmjs.org/ipaddr.js/-/ipaddr.js-1.9.1.tgz. Extracting by manifest.
342 silly tarball no local data for forwarded@https://registry.npmjs.org/forwarded/-/forwarded-0.2.0.tgz. Extracting by manifest.
343 silly tarball no local data for wrappy@https://registry.npmjs.org/wrappy/-/wrappy-1.0.2.tgz. Extracting by manifest.
344 silly tarball no local data for ee-first@https://registry.npmjs.org/ee-first/-/ee-first-1.1.1.tgz. Extracting by manifest.
345 silly tarball no local data for mime-db@https://registry.npmjs.org/mime-db/-/mime-db-1.54.0.tgz. Extracting by manifest.
346 silly tarball no local data for safer-buffer@https://registry.npmjs.org/safer-buffer/-/safer-buffer-2.1.2.tgz. Extracting by manifest.
347 silly tarball no local data for toidentifier@https://registry.npmjs.org/toidentifier/-/toidentifier-1.0.1.tgz. Extracting by manifest.
348 silly tarball no local data for setprototypeof@https://registry.npmjs.org/setprototypeof/-/setprototypeof-1.2.0.tgz. Extracting by manifest.
349 silly tarball no local data for inherits@https://registry.npmjs.org/inherits/-/inherits-2.0.4.tgz. Extracting by manifest.
350 silly tarball no local data for depd@https://registry.npmjs.org/depd/-/depd-2.0.0.tgz. Extracting by manifest.
351 silly tarball no local data for safe-buffer@https://registry.npmjs.org/safe-buffer/-/safe-buffer-5.2.1.tgz. Extracting by manifest.
352 silly tarball no local data for negotiator@https://registry.npmjs.org/negotiator/-/negotiator-1.0.0.tgz. Extracting by manifest.
353 silly tarball no local data for vary@https://registry.npmjs.org/vary/-/vary-1.1.2.tgz. Extracting by manifest.
354 silly tarball no local data for statuses@https://registry.npmjs.org/statuses/-/statuses-2.0.2.tgz. Extracting by manifest.
355 silly tarball no local data for serve-static@https://registry.npmjs.org/serve-static/-/serve-static-2.2.0.tgz. Extracting by manifest.
356 silly tarball no local data for send@https://registry.npmjs.org/send/-/send-1.2.0.tgz. Extracting by manifest.
357 silly tarball no local data for router@https://registry.npmjs.org/router/-/router-2.2.0.tgz. Extracting by manifest.
358 silly tarball no local data for range-parser@https://registry.npmjs.org/range-parser/-/range-parser-1.2.1.tgz. Extracting by manifest.
359 silly tarball no local data for proxy-addr@https://registry.npmjs.org/proxy-addr/-/proxy-addr-2.0.7.tgz. Extracting by manifest.
360 silly tarball no local data for parseurl@https://registry.npmjs.org/parseurl/-/parseurl-1.3.3.tgz. Extracting by manifest.
361 silly tarball no local data for once@https://registry.npmjs.org/once/-/once-1.4.0.tgz. Extracting by manifest.
362 silly tarball no local data for mime-types@https://registry.npmjs.org/mime-types/-/mime-types-3.0.1.tgz. Extracting by manifest.
363 silly tarball no local data for merge-descriptors@https://registry.npmjs.org/merge-descriptors/-/merge-descriptors-2.0.0.tgz. Extracting by manifest.
364 silly tarball no local data for fresh@https://registry.npmjs.org/fresh/-/fresh-2.0.0.tgz. Extracting by manifest.
365 silly tarball no local data for finalhandler@https://registry.npmjs.org/finalhandler/-/finalhandler-2.1.0.tgz. Extracting by manifest.
366 silly tarball no local data for etag@https://registry.npmjs.org/etag/-/etag-1.8.1.tgz. Extracting by manifest.
367 silly tarball no local data for escape-html@https://registry.npmjs.org/escape-html/-/escape-html-1.0.3.tgz. Extracting by manifest.
368 silly tarball no local data for encodeurl@https://registry.npmjs.org/encodeurl/-/encodeurl-2.0.0.tgz. Extracting by manifest.
369 silly tarball no local data for cookie-signature@https://registry.npmjs.org/cookie-signature/-/cookie-signature-1.2.2.tgz. Extracting by manifest.
370 silly tarball no local data for cookie@https://registry.npmjs.org/cookie/-/cookie-0.7.2.tgz. Extracting by manifest.
371 silly tarball no local data for content-disposition@https://registry.npmjs.org/content-disposition/-/content-disposition-1.0.0.tgz. Extracting by manifest.
372 silly tarball no local data for ms@https://registry.npmjs.org/ms/-/ms-2.1.3.tgz. Extracting by manifest.
373 silly tarball no local data for accepts@https://registry.npmjs.org/accepts/-/accepts-2.0.0.tgz. Extracting by manifest.
374 silly tarball no local data for type-is@https://registry.npmjs.org/type-is/-/type-is-2.0.1.tgz. Extracting by manifest.
375 silly tarball no local data for qs@https://registry.npmjs.org/qs/-/qs-6.14.0.tgz. Extracting by manifest.
376 silly tarball no local data for raw-body@https://registry.npmjs.org/raw-body/-/raw-body-3.0.0.tgz. Extracting by manifest.
377 silly tarball no local data for on-finished@https://registry.npmjs.org/on-finished/-/on-finished-2.4.1.tgz. Extracting by manifest.
378 silly tarball no local data for iconv-lite@https://registry.npmjs.org/iconv-lite/-/iconv-lite-0.6.3.tgz. Extracting by manifest.
379 silly tarball no local data for http-errors@https://registry.npmjs.org/http-errors/-/http-errors-2.0.0.tgz. Extracting by manifest.
380 silly tarball no local data for debug@https://registry.npmjs.org/debug/-/debug-4.4.1.tgz. Extracting by manifest.
381 silly tarball no local data for content-type@https://registry.npmjs.org/content-type/-/content-type-1.0.5.tgz. Extracting by manifest.
382 silly tarball no local data for bytes@https://registry.npmjs.org/bytes/-/bytes-3.1.2.tgz. Extracting by manifest.
383 silly tarball no local data for body-parser@https://registry.npmjs.org/body-parser/-/body-parser-2.2.0.tgz. Extracting by manifest.
384 silly tarball no local data for statuses@https://registry.npmjs.org/statuses/-/statuses-2.0.1.tgz. Extracting by manifest.
385 http fetch GET 200 https://registry.npmjs.org/toidentifier/-/toidentifier-1.0.1.tgz 661ms (cache miss)
386 timing reifyNode:node_modules/toidentifier Completed in 798ms
387 http fetch GET 200 https://registry.npmjs.org/media-typer/-/media-typer-1.1.0.tgz 752ms (cache miss)
388 timing reifyNode:node_modules/media-typer Completed in 811ms
389 http fetch GET 200 https://registry.npmjs.org/hasown/-/hasown-2.0.2.tgz 761ms (cache miss)
390 http fetch GET 200 https://registry.npmjs.org/unpipe/-/unpipe-1.0.0.tgz 741ms (cache miss)
391 timing reifyNode:node_modules/unpipe Completed in 841ms
392 http fetch GET 200 https://registry.npmjs.org/safe-buffer/-/safe-buffer-5.2.1.tgz 705ms (cache miss)
393 timing reifyNode:node_modules/safe-buffer Completed in 849ms
394 timing reifyNode:node_modules/hasown Completed in 856ms
395 http fetch GET 200 https://registry.npmjs.org/side-channel-map/-/side-channel-map-1.0.1.tgz 764ms (cache miss)
396 http fetch GET 200 https://registry.npmjs.org/path-to-regexp/-/path-to-regexp-8.2.0.tgz 760ms (cache miss)
397 http fetch GET 200 https://registry.npmjs.org/is-promise/-/is-promise-4.0.0.tgz 759ms (cache miss)
398 timing reifyNode:node_modules/is-promise Completed in 857ms
399 http fetch GET 200 https://registry.npmjs.org/setprototypeof/-/setprototypeof-1.2.0.tgz 719ms (cache miss)
400 timing reifyNode:node_modules/setprototypeof Completed in 858ms
401 http fetch GET 200 https://registry.npmjs.org/wrappy/-/wrappy-1.0.2.tgz 743ms (cache miss)
402 timing reifyNode:node_modules/wrappy Completed in 858ms
403 http fetch GET 200 https://registry.npmjs.org/ee-first/-/ee-first-1.1.1.tgz 743ms (cache miss)
404 timing reifyNode:node_modules/ee-first Completed in 859ms
405 http fetch GET 200 https://registry.npmjs.org/inherits/-/inherits-2.0.4.tgz 723ms (cache miss)
406 timing reifyNode:node_modules/inherits Completed in 862ms
407 http fetch GET 200 https://registry.npmjs.org/on-finished/-/on-finished-2.4.1.tgz 668ms (cache miss)
408 timing reifyNode:node_modules/on-finished Completed in 862ms
409 http fetch GET 200 https://registry.npmjs.org/once/-/once-1.4.0.tgz 694ms (cache miss)
410 timing reifyNode:node_modules/once Completed in 864ms
411 http fetch GET 200 https://registry.npmjs.org/merge-descriptors/-/merge-descriptors-2.0.0.tgz 692ms (cache miss)
412 timing reifyNode:node_modules/merge-descriptors Completed in 866ms
413 http fetch GET 200 https://registry.npmjs.org/es-define-property/-/es-define-property-1.0.1.tgz 789ms (cache miss)
414 http fetch GET 200 https://registry.npmjs.org/get-intrinsic/-/get-intrinsic-1.3.0.tgz 786ms (cache miss)
415 http fetch GET 200 https://registry.npmjs.org/dunder-proto/-/dunder-proto-1.0.1.tgz 815ms (cache miss)
416 timing reifyNode:node_modules/path-to-regexp Completed in 873ms
417 http fetch GET 200 https://registry.npmjs.org/range-parser/-/range-parser-1.2.1.tgz 718ms (cache miss)
418 timing reifyNode:node_modules/range-parser Completed in 872ms
419 http fetch GET 200 https://registry.npmjs.org/negotiator/-/negotiator-1.0.0.tgz 728ms (cache miss)
420 http fetch GET 200 https://registry.npmjs.org/etag/-/etag-1.8.1.tgz 694ms (cache miss)
421 timing reifyNode:node_modules/etag Completed in 874ms
422 timing reifyNode:node_modules/get-intrinsic Completed in 888ms
423 http fetch GET 200 https://registry.npmjs.org/side-channel-weakmap/-/side-channel-weakmap-1.0.2.tgz 800ms (cache miss)
424 http fetch GET 200 https://registry.npmjs.org/side-channel/-/side-channel-1.1.0.tgz 787ms (cache miss)
425 http fetch GET 200 https://registry.npmjs.org/finalhandler/-/finalhandler-2.1.0.tgz 711ms (cache miss)
426 timing reifyNode:node_modules/finalhandler Completed in 888ms
427 timing reifyNode:node_modules/side-channel-map Completed in 890ms
428 http fetch GET 200 https://registry.npmjs.org/send/-/send-1.2.0.tgz 738ms (cache miss)
429 timing reifyNode:node_modules/send Completed in 889ms
430 http fetch GET 200 https://registry.npmjs.org/forwarded/-/forwarded-0.2.0.tgz 786ms (cache miss)
431 timing reifyNode:node_modules/forwarded Completed in 890ms
432 http fetch GET 200 https://registry.npmjs.org/router/-/router-2.2.0.tgz 738ms (cache miss)
433 http fetch GET 200 https://registry.npmjs.org/proxy-addr/-/proxy-addr-2.0.7.tgz 735ms (cache miss)
434 timing reifyNode:node_modules/proxy-addr Completed in 890ms
435 http fetch GET 200 https://registry.npmjs.org/depd/-/depd-2.0.0.tgz 749ms (cache miss)
436 timing reifyNode:node_modules/depd Completed in 891ms
437 http fetch GET 200 https://registry.npmjs.org/accepts/-/accepts-2.0.0.tgz 701ms (cache miss)
438 timing reifyNode:node_modules/accepts Completed in 890ms
439 http fetch GET 200 https://registry.npmjs.org/statuses/-/statuses-2.0.2.tgz 743ms (cache miss)
440 timing reifyNode:node_modules/statuses Completed in 891ms
441 http fetch GET 200 https://registry.npmjs.org/escape-html/-/escape-html-1.0.3.tgz 711ms (cache miss)
442 timing reifyNode:node_modules/escape-html Completed in 891ms
443 http fetch GET 200 https://registry.npmjs.org/encodeurl/-/encodeurl-2.0.0.tgz 711ms (cache miss)
444 timing reifyNode:node_modules/encodeurl Completed in 892ms
445 http fetch GET 200 https://registry.npmjs.org/cookie-signature/-/cookie-signature-1.2.2.tgz 709ms (cache miss)
446 timing reifyNode:node_modules/cookie-signature Completed in 891ms
447 http fetch GET 200 https://registry.npmjs.org/parseurl/-/parseurl-1.3.3.tgz 733ms (cache miss)
448 timing reifyNode:node_modules/parseurl Completed in 892ms
449 http fetch GET 200 https://registry.npmjs.org/get-proto/-/get-proto-1.0.1.tgz 818ms (cache miss)
450 http fetch GET 200 https://registry.npmjs.org/bytes/-/bytes-3.1.2.tgz 694ms (cache miss)
451 timing reifyNode:node_modules/bytes Completed in 895ms
452 http fetch GET 200 https://registry.npmjs.org/statuses/-/statuses-2.0.1.tgz 598ms (cache miss)
453 timing reifyNode:node_modules/http-errors/node_modules/statuses Completed in 895ms
454 http fetch GET 200 https://registry.npmjs.org/safer-buffer/-/safer-buffer-2.1.2.tgz 775ms (cache miss)
455 timing reifyNode:node_modules/safer-buffer Completed in 898ms
456 timing reifyNode:node_modules/router Completed in 897ms
457 http fetch GET 200 https://registry.npmjs.org/content-type/-/content-type-1.0.5.tgz 697ms (cache miss)
458 timing reifyNode:node_modules/content-type Completed in 898ms
459 timing reifyNode:node_modules/es-define-property Completed in 902ms
460 http fetch GET 200 https://registry.npmjs.org/content-disposition/-/content-disposition-1.0.0.tgz 713ms (cache miss)
461 timing reifyNode:node_modules/content-disposition Completed in 898ms
462 timing reifyNode:node_modules/dunder-proto Completed in 904ms
463 http fetch GET 200 https://registry.npmjs.org/es-object-atoms/-/es-object-atoms-1.1.1.tgz 823ms (cache miss)
464 http fetch GET 200 https://registry.npmjs.org/gopd/-/gopd-1.2.0.tgz 829ms (cache miss)
465 http fetch GET 200 https://registry.npmjs.org/http-errors/-/http-errors-2.0.0.tgz 706ms (cache miss)
466 timing reifyNode:node_modules/http-errors Completed in 902ms
467 timing reifyNode:node_modules/negotiator Completed in 904ms
468 http fetch GET 200 https://registry.npmjs.org/vary/-/vary-1.1.2.tgz 757ms (cache miss)
469 timing reifyNode:node_modules/vary Completed in 905ms
470 http fetch GET 200 https://registry.npmjs.org/fresh/-/fresh-2.0.0.tgz 730ms (cache miss)
471 timing reifyNode:node_modules/fresh Completed in 906ms
472 timing reifyNode:node_modules/side-channel-weakmap Completed in 908ms
473 timing reifyNode:node_modules/side-channel Completed in 907ms
474 http fetch GET 200 https://registry.npmjs.org/serve-static/-/serve-static-2.2.0.tgz 757ms (cache miss)
475 timing reifyNode:node_modules/serve-static Completed in 907ms
476 http fetch GET 200 https://registry.npmjs.org/raw-body/-/raw-body-3.0.0.tgz 714ms (cache miss)
477 timing reifyNode:node_modules/raw-body Completed in 906ms
478 http fetch GET 200 https://registry.npmjs.org/ms/-/ms-2.1.3.tgz 720ms (cache miss)
479 timing reifyNode:node_modules/ms Completed in 907ms
480 http fetch GET 200 https://registry.npmjs.org/cookie/-/cookie-0.7.2.tgz 724ms (cache miss)
481 timing reifyNode:node_modules/cookie Completed in 907ms
482 timing reifyNode:node_modules/get-proto Completed in 911ms
483 http fetch GET 200 https://registry.npmjs.org/side-channel-list/-/side-channel-list-1.0.0.tgz 823ms (cache miss)
484 http fetch GET 200 https://registry.npmjs.org/type-is/-/type-is-2.0.1.tgz 727ms (cache miss)
485 timing reifyNode:node_modules/type-is Completed in 916ms
486 timing reifyNode:node_modules/es-object-atoms Completed in 920ms
487 timing reifyNode:node_modules/gopd Completed in 921ms
488 http fetch GET 200 https://registry.npmjs.org/mime-types/-/mime-types-3.0.1.tgz 747ms (cache miss)
489 timing reifyNode:node_modules/mime-types Completed in 920ms
490 http fetch GET 200 https://registry.npmjs.org/ipaddr.js/-/ipaddr.js-1.9.1.tgz 820ms (cache miss)
491 timing reifyNode:node_modules/ipaddr.js Completed in 923ms
492 http fetch GET 200 https://registry.npmjs.org/function-bind/-/function-bind-1.1.2.tgz 840ms (cache miss)
493 timing reifyNode:node_modules/function-bind Completed in 925ms
494 timing reifyNode:node_modules/side-channel-list Completed in 926ms
495 http fetch GET 200 https://registry.npmjs.org/call-bound/-/call-bound-1.0.4.tgz 842ms (cache miss)
496 timing reifyNode:node_modules/call-bound Completed in 929ms
497 http fetch GET 200 https://registry.npmjs.org/call-bind-apply-helpers/-/call-bind-apply-helpers-1.0.2.tgz 848ms (cache miss)
498 http fetch GET 200 https://registry.npmjs.org/es-errors/-/es-errors-1.3.0.tgz 836ms (cache miss)
499 http fetch GET 200 https://registry.npmjs.org/debug/-/debug-4.4.1.tgz 737ms (cache miss)
500 timing reifyNode:node_modules/debug Completed in 935ms
501 timing reifyNode:node_modules/call-bind-apply-helpers Completed in 941ms
502 timing reifyNode:node_modules/es-errors Completed in 940ms
503 http fetch GET 200 https://registry.npmjs.org/has-symbols/-/has-symbols-1.1.0.tgz 884ms (cache miss)
504 timing reifyNode:node_modules/has-symbols Completed in 948ms
505 http fetch GET 200 https://registry.npmjs.org/body-parser/-/body-parser-2.2.0.tgz 669ms (cache miss)
506 timing reifyNode:node_modules/body-parser Completed in 950ms
507 http fetch GET 200 https://registry.npmjs.org/mime-db/-/mime-db-1.54.0.tgz 836ms (cache miss)
508 timing reifyNode:node_modules/mime-db Completed in 954ms
509 http fetch GET 200 https://registry.npmjs.org/express/-/express-5.1.0.tgz 909ms (cache miss)
510 timing reifyNode:node_modules/express Completed in 959ms
511 http fetch GET 200 https://registry.npmjs.org/math-intrinsics/-/math-intrinsics-1.1.0.tgz 902ms (cache miss)
512 timing reifyNode:node_modules/math-intrinsics Completed in 967ms
513 http fetch GET 200 https://registry.npmjs.org/object-inspect/-/object-inspect-1.13.4.tgz 880ms (cache miss)
514 timing reifyNode:node_modules/object-inspect Completed in 976ms
515 http fetch GET 200 https://registry.npmjs.org/qs/-/qs-6.14.0.tgz 785ms (cache miss)
516 timing reifyNode:node_modules/qs Completed in 976ms
517 http fetch GET 200 https://registry.npmjs.org/iconv-lite/-/iconv-lite-0.6.3.tgz 794ms (cache miss)
518 timing reifyNode:node_modules/iconv-lite Completed in 990ms
519 timing reify:unpack Completed in 996ms
520 timing reify:unretire Completed in 1ms
521 timing build:queue Completed in 3ms
522 timing build:deps Completed in 3ms
523 timing build Completed in 5ms
524 timing reify:build Completed in 6ms
525 timing reify:trash Completed in 0ms
526 timing reify:save Completed in 34ms
527 timing reify Completed in 2349ms
528 silly ADD node_modules/media-typer
529 silly ADD node_modules/dunder-proto
530 silly ADD node_modules/math-intrinsics
531 silly ADD node_modules/hasown
532 silly ADD node_modules/has-symbols
533 silly ADD node_modules/gopd
534 silly ADD node_modules/get-proto
535 silly ADD node_modules/es-object-atoms
536 silly ADD node_modules/es-define-property
537 silly ADD node_modules/function-bind
538 silly ADD node_modules/call-bind-apply-helpers
539 silly ADD node_modules/get-intrinsic
540 silly ADD node_modules/call-bound
541 silly ADD node_modules/side-channel-weakmap
542 silly ADD node_modules/side-channel-map
543 silly ADD node_modules/side-channel-list
544 silly ADD node_modules/object-inspect
545 silly ADD node_modules/es-errors
546 silly ADD node_modules/path-to-regexp
547 silly ADD node_modules/is-promise
548 silly ADD node_modules/unpipe
549 silly ADD node_modules/side-channel
550 silly ADD node_modules/ipaddr.js
551 silly ADD node_modules/forwarded
552 silly ADD node_modules/wrappy
553 silly ADD node_modules/ee-first
554 silly ADD node_modules/mime-db
555 silly ADD node_modules/safer-buffer
556 silly ADD node_modules/toidentifier
557 silly ADD node_modules/setprototypeof
558 silly ADD node_modules/inherits
559 silly ADD node_modules/depd
560 silly ADD node_modules/safe-buffer
561 silly ADD node_modules/negotiator
562 silly ADD node_modules/vary
563 silly ADD node_modules/statuses
564 silly ADD node_modules/serve-static
565 silly ADD node_modules/send
566 silly ADD node_modules/router
567 silly ADD node_modules/range-parser
568 silly ADD node_modules/proxy-addr
569 silly ADD node_modules/parseurl
570 silly ADD node_modules/once
571 silly ADD node_modules/mime-types
572 silly ADD node_modules/merge-descriptors
573 silly ADD node_modules/fresh
574 silly ADD node_modules/finalhandler
575 silly ADD node_modules/etag
576 silly ADD node_modules/escape-html
577 silly ADD node_modules/encodeurl
578 silly ADD node_modules/cookie-signature
579 silly ADD node_modules/cookie
580 silly ADD node_modules/content-disposition
581 silly ADD node_modules/accepts
582 silly ADD node_modules/ms
583 silly ADD node_modules/type-is
584 silly ADD node_modules/raw-body
585 silly ADD node_modules/qs
586 silly ADD node_modules/on-finished
587 silly ADD node_modules/iconv-lite
588 silly ADD node_modules/http-errors
589 silly ADD node_modules/http-errors/node_modules/statuses
590 silly ADD node_modules/debug
591 silly ADD node_modules/content-type
592 silly ADD node_modules/bytes
593 silly ADD node_modules/express
594 silly ADD node_modules/body-parser
595 timing command:install Completed in 2372ms
596 verbose exit 0
597 timing npm Completed in 2437ms
598 info ok
