0 verbose cli /usr/bin/node /usr/bin/npm
1 info using npm@9.2.0
2 info using node@v18.19.1
3 timing npm:load:whichnode Completed in 0ms
4 timing config:load:defaults Completed in 2ms
5 timing config:load:file:/usr/share/nodejs/npm/npmrc Completed in 6ms
6 timing config:load:builtin Completed in 6ms
7 timing config:load:cli Completed in 2ms
8 timing config:load:env Completed in 0ms
9 timing config:load:file:/home/ubuntu/deployments/pg-app/.npmrc Completed in 0ms
10 timing config:load:project Completed in 2ms
11 timing config:load:file:/home/ubuntu/.npmrc Completed in 1ms
12 timing config:load:user Completed in 1ms
13 timing config:load:file:/etc/npmrc Completed in 0ms
14 timing config:load:global Completed in 0ms
15 timing config:load:setEnvs Completed in 2ms
16 timing config:load Completed in 16ms
17 timing npm:load:configload Completed in 17ms
18 timing npm:load:mkdirpcache Completed in 0ms
19 timing npm:load:mkdirplogs Completed in 1ms
20 verbose title npm install express pg body-parser
21 verbose argv "install" "express" "pg" "body-parser"
22 timing npm:load:setTitle Completed in 2ms
23 timing config:load:flatten Completed in 6ms
24 timing npm:load:display Completed in 8ms
25 verbose logfile logs-max:10 dir:/home/ubuntu/.npm/_logs/2025-06-28T10_08_35_461Z-
26 verbose logfile /home/ubuntu/.npm/_logs/2025-06-28T10_08_35_461Z-debug-0.log
27 timing npm:load:logFile Completed in 13ms
28 timing npm:load:timers Completed in 0ms
29 timing npm:load:configScope Completed in 0ms
30 timing npm:load Completed in 42ms
31 silly logfile done cleaning log files
32 timing config:load:flatten Completed in 1ms
33 timing arborist:ctor Completed in 2ms
34 timing idealTree:init Completed in 122ms
35 timing idealTree:userRequests Completed in 3ms
36 silly idealTree buildDeps
37 silly fetch manifest body-parser@^2.2.0
38 timing arborist:ctor Completed in 1ms
39 http fetch GET 200 https://registry.npmjs.org/body-parser 108ms (cache hit)
40 silly fetch manifest express@^5.1.0
41 http fetch GET 200 https://registry.npmjs.org/express 9ms (cache hit)
42 silly fetch manifest pg@*
43 http fetch GET 200 https://registry.npmjs.org/pg 194ms (cache miss)
44 silly fetch manifest pg-native@>=3.0.1
45 http fetch GET 200 https://registry.npmjs.org/pg-native 47ms (cache miss)
46 silly placeDep ROOT body-parser@2.2.0 REPLACE for:  want: ^2.2.0
47 silly placeDep ROOT express@5.1.0 REPLACE for:  want: ^5.1.0
48 silly placeDep ROOT pg@8.16.3 OK for:  want: *
49 silly fetch manifest pg-connection-string@^2.9.1
50 silly fetch manifest pg-pool@^3.10.1
51 silly fetch manifest pg-protocol@^1.10.3
52 silly fetch manifest pg-types@2.2.0
53 silly fetch manifest pgpass@1.0.5
54 silly fetch manifest pg-cloudflare@^1.2.7
55 http fetch GET 200 https://registry.npmjs.org/pg-connection-string 39ms (cache miss)
56 http fetch GET 200 https://registry.npmjs.org/pgpass 55ms (cache miss)
57 http fetch GET 200 https://registry.npmjs.org/pg-protocol 60ms (cache miss)
58 http fetch GET 200 https://registry.npmjs.org/pg-pool 68ms (cache miss)
59 http fetch GET 200 https://registry.npmjs.org/pg-cloudflare 70ms (cache miss)
60 http fetch GET 200 https://registry.npmjs.org/pg-types 71ms (cache miss)
61 timing idealTree:#root Completed in 484ms
62 timing idealTree:node_modules/body-parser Completed in 0ms
63 timing idealTree:node_modules/express Completed in 1ms
64 silly fetch manifest pg@>=8.0
65 silly placeDep ROOT pg-cloudflare@1.2.7 OK for: pg@8.16.3 want: ^1.2.7
66 silly placeDep ROOT pg-connection-string@2.9.1 OK for: pg@8.16.3 want: ^2.9.1
67 silly placeDep ROOT pg-pool@3.10.1 OK for: pg@8.16.3 want: ^3.10.1
68 silly placeDep ROOT pg-protocol@1.10.3 OK for: pg@8.16.3 want: ^1.10.3
69 silly placeDep ROOT pg-types@2.2.0 OK for: pg@8.16.3 want: 2.2.0
70 silly placeDep ROOT pgpass@1.0.5 OK for: pg@8.16.3 want: 1.0.5
71 silly fetch manifest pg-int8@1.0.1
72 silly fetch manifest postgres-array@~2.0.0
73 silly fetch manifest postgres-bytea@~1.0.0
74 silly fetch manifest postgres-date@~1.0.4
75 silly fetch manifest postgres-interval@^1.1.0
76 silly fetch manifest split2@^4.1.0
77 http fetch GET 200 https://registry.npmjs.org/postgres-date 56ms (cache miss)
78 http fetch GET 200 https://registry.npmjs.org/pg-int8 67ms (cache miss)
79 http fetch GET 200 https://registry.npmjs.org/postgres-array 67ms (cache miss)
80 http fetch GET 200 https://registry.npmjs.org/postgres-bytea 67ms (cache miss)
81 http fetch GET 200 https://registry.npmjs.org/postgres-interval 65ms (cache miss)
82 http fetch GET 200 https://registry.npmjs.org/split2 66ms (cache miss)
83 timing idealTree:node_modules/pg Completed in 87ms
84 timing idealTree:node_modules/pg-cloudflare Completed in 0ms
85 timing idealTree:node_modules/pg-connection-string Completed in 0ms
86 timing idealTree:node_modules/pg-pool Completed in 0ms
87 timing idealTree:node_modules/pg-protocol Completed in 0ms
88 silly placeDep ROOT pg-int8@1.0.1 OK for: pg-types@2.2.0 want: 1.0.1
89 silly placeDep ROOT postgres-array@2.0.0 OK for: pg-types@2.2.0 want: ~2.0.0
90 silly placeDep ROOT postgres-bytea@1.0.0 OK for: pg-types@2.2.0 want: ~1.0.0
91 silly placeDep ROOT postgres-date@1.0.7 OK for: pg-types@2.2.0 want: ~1.0.4
92 silly placeDep ROOT postgres-interval@1.2.0 OK for: pg-types@2.2.0 want: ^1.1.0
93 silly fetch manifest xtend@^4.0.0
94 http fetch GET 200 https://registry.npmjs.org/xtend 30ms (cache miss)
95 timing idealTree:node_modules/pg-types Completed in 41ms
96 timing idealTree:node_modules/pg-int8 Completed in 0ms
97 silly placeDep ROOT split2@4.2.0 OK for: pgpass@1.0.5 want: ^4.1.0
98 timing idealTree:node_modules/pgpass Completed in 2ms
99 timing idealTree:node_modules/postgres-array Completed in 0ms
100 timing idealTree:node_modules/postgres-bytea Completed in 0ms
101 timing idealTree:node_modules/postgres-date Completed in 0ms
102 silly placeDep ROOT xtend@4.0.2 OK for: postgres-interval@1.2.0 want: ^4.0.0
103 timing idealTree:node_modules/postgres-interval Completed in 1ms
104 timing idealTree:node_modules/split2 Completed in 0ms
105 timing idealTree:node_modules/xtend Completed in 0ms
106 timing idealTree:buildDeps Completed in 620ms
107 timing idealTree:fixDepFlags Completed in 1ms
108 timing idealTree Completed in 749ms
109 timing reify:loadTrees Completed in 752ms
110 timing reify:diffTrees Completed in 6ms
111 silly reify moves {}
112 timing reify:retireShallow Completed in 2ms
113 timing reify:createSparse Completed in 11ms
114 timing reify:loadBundles Completed in 0ms
115 silly audit bulk request {
115 silly audit   accepts: [ '2.0.0' ],
115 silly audit   bytes: [ '3.1.2' ],
115 silly audit   'call-bind-apply-helpers': [ '1.0.2' ],
115 silly audit   'call-bound': [ '1.0.4' ],
115 silly audit   'content-disposition': [ '1.0.0' ],
115 silly audit   'content-type': [ '1.0.5' ],
115 silly audit   cookie: [ '0.7.2' ],
115 silly audit   'cookie-signature': [ '1.2.2' ],
115 silly audit   debug: [ '4.4.1' ],
115 silly audit   depd: [ '2.0.0' ],
115 silly audit   'dunder-proto': [ '1.0.1' ],
115 silly audit   'ee-first': [ '1.1.1' ],
115 silly audit   encodeurl: [ '2.0.0' ],
115 silly audit   'es-define-property': [ '1.0.1' ],
115 silly audit   'es-errors': [ '1.3.0' ],
115 silly audit   'es-object-atoms': [ '1.1.1' ],
115 silly audit   'escape-html': [ '1.0.3' ],
115 silly audit   etag: [ '1.8.1' ],
115 silly audit   finalhandler: [ '2.1.0' ],
115 silly audit   forwarded: [ '0.2.0' ],
115 silly audit   fresh: [ '2.0.0' ],
115 silly audit   'function-bind': [ '1.1.2' ],
115 silly audit   'get-intrinsic': [ '1.3.0' ],
115 silly audit   'get-proto': [ '1.0.1' ],
115 silly audit   gopd: [ '1.2.0' ],
115 silly audit   'has-symbols': [ '1.1.0' ],
115 silly audit   hasown: [ '2.0.2' ],
115 silly audit   'http-errors': [ '2.0.0' ],
115 silly audit   statuses: [ '2.0.1', '2.0.2' ],
115 silly audit   'iconv-lite': [ '0.6.3' ],
115 silly audit   inherits: [ '2.0.4' ],
115 silly audit   'ipaddr.js': [ '1.9.1' ],
115 silly audit   'is-promise': [ '4.0.0' ],
115 silly audit   'math-intrinsics': [ '1.1.0' ],
115 silly audit   'media-typer': [ '1.1.0' ],
115 silly audit   'merge-descriptors': [ '2.0.0' ],
115 silly audit   'mime-db': [ '1.54.0' ],
115 silly audit   'mime-types': [ '3.0.1' ],
115 silly audit   ms: [ '2.1.3' ],
115 silly audit   negotiator: [ '1.0.0' ],
115 silly audit   'object-inspect': [ '1.13.4' ],
115 silly audit   'on-finished': [ '2.4.1' ],
115 silly audit   once: [ '1.4.0' ],
115 silly audit   parseurl: [ '1.3.3' ],
115 silly audit   'path-to-regexp': [ '8.2.0' ],
115 silly audit   'proxy-addr': [ '2.0.7' ],
115 silly audit   qs: [ '6.14.0' ],
115 silly audit   'range-parser': [ '1.2.1' ],
115 silly audit   'raw-body': [ '3.0.0' ],
115 silly audit   router: [ '2.2.0' ],
115 silly audit   'safe-buffer': [ '5.2.1' ],
115 silly audit   'safer-buffer': [ '2.1.2' ],
115 silly audit   send: [ '1.2.0' ],
115 silly audit   'serve-static': [ '2.2.0' ],
115 silly audit   setprototypeof: [ '1.2.0' ],
115 silly audit   'side-channel': [ '1.1.0' ],
115 silly audit   'side-channel-list': [ '1.0.0' ],
115 silly audit   'side-channel-map': [ '1.0.1' ],
115 silly audit   'side-channel-weakmap': [ '1.0.2' ],
115 silly audit   toidentifier: [ '1.0.1' ],
115 silly audit   'type-is': [ '2.0.1' ],
115 silly audit   unpipe: [ '1.0.0' ],
115 silly audit   vary: [ '1.1.2' ],
115 silly audit   wrappy: [ '1.0.2' ],
115 silly audit   'body-parser': [ '2.2.0' ],
115 silly audit   express: [ '5.1.0' ],
115 silly audit   pg: [ '8.16.3' ],
115 silly audit   'pg-cloudflare': [ '1.2.7' ],
115 silly audit   'pg-connection-string': [ '2.9.1' ],
115 silly audit   'pg-pool': [ '3.10.1' ],
115 silly audit   'pg-protocol': [ '1.10.3' ],
115 silly audit   'pg-types': [ '2.2.0' ],
115 silly audit   pgpass: [ '1.0.5' ],
115 silly audit   'pg-int8': [ '1.0.1' ],
115 silly audit   'postgres-array': [ '2.0.0' ],
115 silly audit   'postgres-bytea': [ '1.0.0' ],
115 silly audit   'postgres-date': [ '1.0.7' ],
115 silly audit   'postgres-interval': [ '1.2.0' ],
115 silly audit   split2: [ '4.2.0' ],
115 silly audit   xtend: [ '4.0.2' ]
115 silly audit }
116 silly tarball no local data for split2@https://registry.npmjs.org/split2/-/split2-4.2.0.tgz. Extracting by manifest.
117 silly tarball no local data for postgres-interval@https://registry.npmjs.org/postgres-interval/-/postgres-interval-1.2.0.tgz. Extracting by manifest.
118 silly tarball no local data for xtend@https://registry.npmjs.org/xtend/-/xtend-4.0.2.tgz. Extracting by manifest.
119 silly tarball no local data for postgres-date@https://registry.npmjs.org/postgres-date/-/postgres-date-1.0.7.tgz. Extracting by manifest.
120 silly tarball no local data for postgres-bytea@https://registry.npmjs.org/postgres-bytea/-/postgres-bytea-1.0.0.tgz. Extracting by manifest.
121 silly tarball no local data for postgres-array@https://registry.npmjs.org/postgres-array/-/postgres-array-2.0.0.tgz. Extracting by manifest.
122 silly tarball no local data for pg-int8@https://registry.npmjs.org/pg-int8/-/pg-int8-1.0.1.tgz. Extracting by manifest.
123 silly tarball no local data for pgpass@https://registry.npmjs.org/pgpass/-/pgpass-1.0.5.tgz. Extracting by manifest.
124 silly tarball no local data for pg-types@https://registry.npmjs.org/pg-types/-/pg-types-2.2.0.tgz. Extracting by manifest.
125 silly tarball no local data for pg-protocol@https://registry.npmjs.org/pg-protocol/-/pg-protocol-1.10.3.tgz. Extracting by manifest.
126 silly tarball no local data for pg-pool@https://registry.npmjs.org/pg-pool/-/pg-pool-3.10.1.tgz. Extracting by manifest.
127 silly tarball no local data for pg-connection-string@https://registry.npmjs.org/pg-connection-string/-/pg-connection-string-2.9.1.tgz. Extracting by manifest.
128 silly tarball no local data for pg-cloudflare@https://registry.npmjs.org/pg-cloudflare/-/pg-cloudflare-1.2.7.tgz. Extracting by manifest.
129 silly tarball no local data for pg@https://registry.npmjs.org/pg/-/pg-8.16.3.tgz. Extracting by manifest.
130 http fetch POST 200 https://registry.npmjs.org/-/npm/v1/security/advisories/bulk 159ms
131 timing auditReport:getReport Completed in 165ms
132 silly audit report {}
133 timing auditReport:init Completed in 0ms
134 timing reify:audit Completed in 166ms
135 http fetch GET 200 https://registry.npmjs.org/postgres-date/-/postgres-date-1.0.7.tgz 184ms (cache miss)
136 timing reifyNode:node_modules/postgres-date Completed in 209ms
137 http fetch GET 200 https://registry.npmjs.org/postgres-interval/-/postgres-interval-1.2.0.tgz 190ms (cache miss)
138 timing reifyNode:node_modules/postgres-interval Completed in 211ms
139 http fetch GET 200 https://registry.npmjs.org/split2/-/split2-4.2.0.tgz 192ms (cache miss)
140 timing reifyNode:node_modules/split2 Completed in 214ms
141 http fetch GET 200 https://registry.npmjs.org/postgres-bytea/-/postgres-bytea-1.0.0.tgz 188ms (cache miss)
142 timing reifyNode:node_modules/postgres-bytea Completed in 214ms
143 http fetch GET 200 https://registry.npmjs.org/xtend/-/xtend-4.0.2.tgz 192ms (cache miss)
144 timing reifyNode:node_modules/xtend Completed in 217ms
145 http fetch GET 200 https://registry.npmjs.org/pg-int8/-/pg-int8-1.0.1.tgz 187ms (cache miss)
146 timing reifyNode:node_modules/pg-int8 Completed in 216ms
147 http fetch GET 200 https://registry.npmjs.org/postgres-array/-/postgres-array-2.0.0.tgz 205ms (cache miss)
148 timing reifyNode:node_modules/postgres-array Completed in 233ms
149 http fetch GET 200 https://registry.npmjs.org/pg-connection-string/-/pg-connection-string-2.9.1.tgz 197ms (cache miss)
150 timing reifyNode:node_modules/pg-connection-string Completed in 233ms
151 http fetch GET 200 https://registry.npmjs.org/pgpass/-/pgpass-1.0.5.tgz 203ms (cache miss)
152 timing reifyNode:node_modules/pgpass Completed in 234ms
153 http fetch GET 200 https://registry.npmjs.org/pg-pool/-/pg-pool-3.10.1.tgz 215ms (cache miss)
154 timing reifyNode:node_modules/pg-pool Completed in 249ms
155 http fetch GET 200 https://registry.npmjs.org/pg-cloudflare/-/pg-cloudflare-1.2.7.tgz 211ms (cache miss)
156 http fetch GET 200 https://registry.npmjs.org/pg-types/-/pg-types-2.2.0.tgz 222ms (cache miss)
157 timing reifyNode:node_modules/pg-types Completed in 253ms
158 timing reifyNode:node_modules/pg-cloudflare Completed in 254ms
159 http fetch GET 200 https://registry.npmjs.org/pg/-/pg-8.16.3.tgz 224ms (cache miss)
160 timing reifyNode:node_modules/pg Completed in 263ms
161 http fetch GET 200 https://registry.npmjs.org/pg-protocol/-/pg-protocol-1.10.3.tgz 243ms (cache miss)
162 timing reifyNode:node_modules/pg-protocol Completed in 276ms
163 timing reify:unpack Completed in 278ms
164 timing reify:unretire Completed in 0ms
165 timing build:queue Completed in 2ms
166 timing build:deps Completed in 2ms
167 timing build Completed in 2ms
168 timing reify:build Completed in 3ms
169 timing reify:trash Completed in 0ms
170 timing reify:save Completed in 48ms
171 timing reify Completed in 1142ms
172 silly ADD node_modules/xtend
173 silly ADD node_modules/split2
174 silly ADD node_modules/postgres-interval
175 silly ADD node_modules/postgres-date
176 silly ADD node_modules/postgres-bytea
177 silly ADD node_modules/postgres-array
178 silly ADD node_modules/pg-int8
179 silly ADD node_modules/pgpass
180 silly ADD node_modules/pg-types
181 silly ADD node_modules/pg-protocol
182 silly ADD node_modules/pg-pool
183 silly ADD node_modules/pg-connection-string
184 silly ADD node_modules/pg-cloudflare
185 silly ADD node_modules/pg
186 timing command:install Completed in 1158ms
187 verbose exit 0
188 timing npm Completed in 1221ms
189 info ok
